<?xml version="1.0" encoding="UTF-8"?>
<!-- Generated by org.testng.reporters.JUnitXMLReporter -->
<testsuite hostname="Skycliffit026" ignored="0" name="Test" tests="1" failures="1" timestamp="2020-05-07T15:18:38 IST" time="72.575" errors="0">
  <testcase name="totalValidation" time="69.442" classname="com.mobileapp.GeneralStore.Ecommerce_tc_4">
    <failure type="java.lang.AssertionError" message="expected [280.97] but found [0.0]">
      <![CDATA[java.lang.AssertionError: expected [280.97] but found [0.0]
at com.mobileapp.GeneralStore.Ecommerce_tc_4.totalValidation(Ecommerce_tc_4.java:64)
at java.util.ArrayList.forEach(ArrayList.java:1257)
... Removed 35 stack frames]]>
    </failure>
  </testcase> <!-- totalValidation -->
</testsuite> <!-- Test -->
